{"C:\\Users\\rasmu\\Universitet\\GrundläggandeMjukvaruUtveckling\\Database\\burger-app\\Containers\\BurgerOrderer\\Frontend_operations.js": {"path":"C:\\Users\\rasmu\\Universitet\\GrundläggandeMjukvaruUtveckling\\Database\\burger-app\\Containers\\BurgerOrderer\\Frontend_operations.js","statementMap":{"0":{"start":{"line":2,"column":25},"end":{"line":2,"column":59}},"1":{"start":{"line":3,"column":29},"end":{"line":3,"column":67}},"2":{"start":{"line":4,"column":29},"end":{"line":4,"column":67}},"3":{"start":{"line":6,"column":0},"end":{"line":6,"column":20}},"4":{"start":{"line":7,"column":0},"end":{"line":7,"column":11}},"5":{"start":{"line":9,"column":0},"end":{"line":15,"column":3}},"6":{"start":{"line":10,"column":15},"end":{"line":10,"column":29}},"7":{"start":{"line":13,"column":8},"end":{"line":13,"column":23}},"8":{"start":{"line":14,"column":8},"end":{"line":14,"column":25}},"9":{"start":{"line":18,"column":4},"end":{"line":23,"column":5}},"10":{"start":{"line":18,"column":16},"end":{"line":18,"column":17}},"11":{"start":{"line":19,"column":21},"end":{"line":19,"column":53}},"12":{"start":{"line":20,"column":8},"end":{"line":20,"column":43}},"13":{"start":{"line":21,"column":8},"end":{"line":21,"column":60}},"14":{"start":{"line":22,"column":8},"end":{"line":22,"column":45}},"15":{"start":{"line":24,"column":22},"end":{"line":24,"column":54}},"16":{"start":{"line":25,"column":4},"end":{"line":25,"column":45}},"17":{"start":{"line":26,"column":4},"end":{"line":26,"column":62}},"18":{"start":{"line":27,"column":4},"end":{"line":27,"column":50}},"19":{"start":{"line":29,"column":25},"end":{"line":29,"column":57}},"20":{"start":{"line":30,"column":4},"end":{"line":30,"column":44}},"21":{"start":{"line":31,"column":4},"end":{"line":31,"column":57}},"22":{"start":{"line":32,"column":4},"end":{"line":32,"column":53}},"23":{"start":{"line":36,"column":26},"end":{"line":36,"column":53}},"24":{"start":{"line":37,"column":28},"end":{"line":37,"column":67}},"25":{"start":{"line":39,"column":4},"end":{"line":41,"column":5}},"26":{"start":{"line":40,"column":8},"end":{"line":40,"column":35}},"27":{"start":{"line":44,"column":4},"end":{"line":52,"column":5}},"28":{"start":{"line":44,"column":17},"end":{"line":44,"column":18}},"29":{"start":{"line":45,"column":8},"end":{"line":51,"column":9}},"30":{"start":{"line":46,"column":12},"end":{"line":46,"column":43}},"31":{"start":{"line":47,"column":12},"end":{"line":49,"column":13}},"32":{"start":{"line":47,"column":25},"end":{"line":47,"column":26}},"33":{"start":{"line":48,"column":16},"end":{"line":48,"column":66}},"34":{"start":{"line":50,"column":12},"end":{"line":50,"column":18}},"35":{"start":{"line":53,"column":4},"end":{"line":53,"column":54}},"36":{"start":{"line":57,"column":4},"end":{"line":59,"column":5}},"37":{"start":{"line":58,"column":8},"end":{"line":58,"column":35}},"38":{"start":{"line":60,"column":4},"end":{"line":62,"column":5}},"39":{"start":{"line":60,"column":16},"end":{"line":60,"column":17}},"40":{"start":{"line":61,"column":8},"end":{"line":61,"column":30}},"41":{"start":{"line":68,"column":4},"end":{"line":68,"column":64}},"42":{"start":{"line":70,"column":4},"end":{"line":70,"column":44}},"43":{"start":{"line":73,"column":0},"end":{"line":75,"column":2}}},"fnMap":{"0":{"name":"(anonymous_0)","decl":{"start":{"line":10,"column":4},"end":{"line":10,"column":5}},"loc":{"start":{"line":10,"column":15},"end":{"line":10,"column":29}},"line":10},"1":{"name":"(anonymous_1)","decl":{"start":{"line":12,"column":4},"end":{"line":12,"column":5}},"loc":{"start":{"line":12,"column":12},"end":{"line":15,"column":1}},"line":12},"2":{"name":"onStart","decl":{"start":{"line":17,"column":9},"end":{"line":17,"column":16}},"loc":{"start":{"line":17,"column":25},"end":{"line":33,"column":1}},"line":17},"3":{"name":"onItemButtonClick","decl":{"start":{"line":35,"column":9},"end":{"line":35,"column":26}},"loc":{"start":{"line":35,"column":29},"end":{"line":54,"column":1}},"line":35},"4":{"name":"onOrderButtonClick","decl":{"start":{"line":56,"column":9},"end":{"line":56,"column":27}},"loc":{"start":{"line":56,"column":29},"end":{"line":63,"column":1}},"line":56},"5":{"name":"onCheckout","decl":{"start":{"line":66,"column":9},"end":{"line":66,"column":19}},"loc":{"start":{"line":66,"column":22},"end":{"line":71,"column":1}},"line":66}},"branchMap":{"0":{"loc":{"start":{"line":39,"column":4},"end":{"line":41,"column":5}},"type":"if","locations":[{"start":{"line":39,"column":4},"end":{"line":41,"column":5}},{"start":{},"end":{}}],"line":39},"1":{"loc":{"start":{"line":45,"column":8},"end":{"line":51,"column":9}},"type":"if","locations":[{"start":{"line":45,"column":8},"end":{"line":51,"column":9}},{"start":{},"end":{}}],"line":45},"2":{"loc":{"start":{"line":57,"column":4},"end":{"line":59,"column":5}},"type":"if","locations":[{"start":{"line":57,"column":4},"end":{"line":59,"column":5}},{"start":{},"end":{}}],"line":57}},"s":{"0":1,"1":1,"2":1,"3":1,"4":1,"5":1,"6":0,"7":0,"8":0,"9":0,"10":0,"11":0,"12":0,"13":0,"14":0,"15":0,"16":0,"17":0,"18":0,"19":0,"20":0,"21":0,"22":0,"23":0,"24":0,"25":0,"26":0,"27":0,"28":0,"29":0,"30":0,"31":0,"32":0,"33":0,"34":0,"35":0,"36":1,"37":1,"38":1,"39":1,"40":1,"41":0,"42":0,"43":1},"f":{"0":0,"1":0,"2":0,"3":0,"4":1,"5":0},"b":{"0":[0,0],"1":[0,0],"2":[1,0]},"_coverageSchema":"1a1c01bbd47fc00a2c39e90264f33305004495a9","hash":"ebdf9efa14ba76a5369c87d660d6c22e7945632d"}
}
