TN:
SF:Frontend_operations.js
FN:10,(anonymous_0)
FN:12,(anonymous_1)
FN:17,onStart
FN:35,onItemButtonClick
FN:57,onOrderButtonClick
FN:67,onCheckout
FNF:6
FNH:0
FNDA:0,(anonymous_0)
FNDA:0,(anonymous_1)
FNDA:0,onStart
FNDA:0,onItemButtonClick
FNDA:0,onOrderButtonClick
FNDA:0,onCheckout
DA:2,1
DA:3,1
DA:4,1
DA:6,1
DA:7,1
DA:9,1
DA:10,0
DA:13,0
DA:14,0
DA:18,0
DA:19,0
DA:20,0
DA:21,0
DA:22,0
DA:24,0
DA:25,0
DA:26,0
DA:27,0
DA:29,0
DA:30,0
DA:31,0
DA:32,0
DA:36,0
DA:37,0
DA:38,0
DA:40,0
DA:41,0
DA:45,0
DA:46,0
DA:47,0
DA:48,0
DA:49,0
DA:51,0
DA:54,0
DA:58,0
DA:59,0
DA:61,0
DA:62,0
DA:69,0
DA:71,0
LF:40
LH:6
BRDA:40,0,0,0
BRDA:40,0,1,0
BRDA:46,1,0,0
BRDA:46,1,1,0
BRDA:58,2,0,0
BRDA:58,2,1,0
BRF:6
BRH:0
end_of_record
